This is XeTeX, Version 3.141592653-2.6-0.999995 (MiKTeX 23.10) (preloaded format=xelatex 2024.6.7)  7 JUN 2024 17:52
entering extended mode
 restricted \write18 enabled.
 %&-line parsing enabled.
**./01_Prerequisites.tex
(01_Prerequisites.tex
LaTeX2e <2023-06-01> patch level 1
L3 programming layer <2023-08-29>

! LaTeX Error: File `scrartcl.cls' not found.

Type X to quit or <RETURN> to proceed,
or enter new name. (Default extension: cls)

Enter file name: 
! Emergency stop.
<read *> 
         
l.10 ^^M
         
Here is how much of TeX's memory you used:
 33 strings out of 410378
 659 string characters out of 5788031
 1910416 words of memory out of 5000000
 21453 multiletter control sequences out of 15000+600000
 558069 words of font info for 36 fonts, out of 8000000 for 9000
 1348 hyphenation exceptions out of 8191
 19i,0n,29p,116b,17s stack positions out of 10000i,1000n,20000p,200000b,200000s

No pages of output.
